C51 COMPILER V9.60.0.0   BUZZER                                                            07/14/2021 15:52:35 PAGE 1   


C51 COMPILER V9.60.0.0, COMPILATION OF MODULE BUZZER
OBJECT MODULE PLACED IN .\Objects\buzzer.obj
COMPILER INVOKED BY: C:\Keil_v5\C51\BIN\C51.EXE buzzer.c OPTIMIZE(8,SPEED) BROWSE DEBUG OBJECTEXTEND PRINT(.\Listings\bu
                    -zzer.lst) TABS(2) OBJECT(.\Objects\buzzer.obj)

line level    source

   1          // *  Name     : main.c
   2          // *  Purpose  : Program to generate different sounds with AT89C52.
   3          // *  Author   : Sunil Pawar
   4          // *  Date     : 09-07-2021
   5          // */
   6          
   7          #include<reg51.h>
   8          sbit out=P2^0;  //output pin 1
   9          
  10          void delay(unsigned char p,unsigned char q)
  11          {
  12   1        TMOD=0x01;  //timer0 mode1(16 bit)
  13   1        TL0=q;      //load TL0
  14   1        TH0=p;      //load TH0
  15   1        TR0=1;   //turn on T0
  16   1        while(TF0==0); // wait for flag generation
  17   1        TR0=0;   // turn off T0
  18   1        TF0=0;    // clear TF0
  19   1      }
  20          
  21          void play(unsigned char j,unsigned char k)
  22          {
  23   1        int i;
  24   1        for(i=0;i<1000;i++)  //to play sound
  25   1        {
  26   2          out=1;
  27   2          delay(j,k);
  28   2          out=0;
  29   2          delay(j,k);
  30   2        }
  31   1      }
  32          
  33          void main()
  34          {
  35   1        int l;
  36   1        while(1)
  37   1        {
  38   2          play(0xfc,0x66);  //playing sound of frequency of about 500 hertz with a delay between two frequencies
  39   2          for(l=0;l<5;l++)   
  40   2          {
  41   3           delay(0x00,0x00);  //delay of 71 miliseconds
  42   3          }
  43   2          play(0xfe,0x33);  //playing sound of frequency of about 1000 hertz with a delay between two frequencies
  44   2          for(l=0;l<5;l++)
  45   2          {
  46   3           delay(0x00,0x00);  
  47   3          }
  48   2          play(0xff,0xa3);  //playing sound of frequency of about 5000 hertz with a delay between two frequencies
  49   2          for(l=0;l<5;l++)
  50   2          {
  51   3           delay(0x00,0x00);  
  52   3          }
  53   2          play(0xff,0xd1);  //playing sound of frequency of about 10000 hertz with a delay between two frequencies
  54   2          for(l=0;l<5;l++)
C51 COMPILER V9.60.0.0   BUZZER                                                            07/14/2021 15:52:35 PAGE 2   

  55   2          {
  56   3           delay(0x00,0x00);  
  57   3          }
  58   2          play(0xff,0xdc);  //playing sound of frequency of about 13000 hertz with a delay between two frequencies
  59   2          for(l=0;l<5;l++)
  60   2          {
  61   3           delay(0x00,0x00);  
  62   3          }
  63   2          play(0xff,0xcc);  //playing sound of frequency of about 9300 hertz with a delay between two frequencies
  64   2          for(l=0;l<5;l++)
  65   2          {
  66   3           delay(0x00,0x00);  
  67   3          }
  68   2          play(0xff,0xe8);  //playing sound of frequency of about 20000 hertz with a delay between two frequencies
  69   2          for(l=0;l<5;l++)
  70   2          {
  71   3           delay(0x00,0x00);  
  72   3          }
  73   2        } 
  74   1      }


MODULE INFORMATION:   STATIC OVERLAYABLE
   CODE SIZE        =    246    ----
   CONSTANT SIZE    =   ----    ----
   XDATA SIZE       =   ----    ----
   PDATA SIZE       =   ----    ----
   DATA SIZE        =   ----    ----
   IDATA SIZE       =   ----    ----
   BIT SIZE         =   ----    ----
END OF MODULE INFORMATION.


C51 COMPILATION COMPLETE.  0 WARNING(S),  0 ERROR(S)
