C51 COMPILER V9.60.0.0   MAIN                                                              07/14/2021 17:24:15 PAGE 1   


C51 COMPILER V9.60.0.0, COMPILATION OF MODULE MAIN
OBJECT MODULE PLACED IN .\Objects\main.obj
COMPILER INVOKED BY: C:\Keil_v5\C51\BIN\C51.EXE main.c OPTIMIZE(8,SPEED) BROWSE DEBUG OBJECTEXTEND PRINT(.\Listings\main
                    -.lst) TABS(2) OBJECT(.\Objects\main.obj)

line level    source

   1          //
   2          // *  Name     : main.c
   3          // *  Purpose  : Program to create and display custom characters  smilies, heart, musical note symbol with
             - AT89C51.
   4          // *  Author   : Sunil Pawar
   5          // *  Date     : 09-07-2021
   6          // */
   7          
   8          #include<reg51.h>
   9          sfr lcd_data_pin=0xA0; 
  10          sbit rs=P3^0;  //Register select pin
  11          sbit rw=P3^1;  // Read write pin
  12          sbit en=P3^2;  //Enable pin
  13          
  14          void delay(unsigned int count)  // Function to provide time delay in msec.
  15          {
  16   1        int i,j;
  17   1        for(i=0;i<count;i++)
  18   1        for(j=0;j<1275;j++);
  19   1      }
  20          
  21          void lcd_command(unsigned char comm)  //Function to send commands to LCD.
  22          {
  23   1        lcd_data_pin=comm;
  24   1        en=1; 
  25   1        rs=0; 
  26   1        rw=0; 
  27   1        delay(1);
  28   1        en=0;
  29   1      }
  30          
  31          void lcd_data(unsigned char disp)  //Function to send data to LCD
  32          {
  33   1        lcd_data_pin=disp;
  34   1        en=1; 
  35   1        rs=1; 
  36   1        rw=0; 
  37   1        delay(1);
  38   1        en=0;
  39   1      }
  40          
  41          void lcd_ini()  //Function to initialize the LCD
  42          {
  43   1        lcd_command(0x38);  
  44   1        delay(2);
  45   1        lcd_command(0x0F); 
  46   1        delay(2);
  47   1        lcd_command(0x82);  //Set cursor to blink at line 1 positon 2
  48   1        delay(2);
  49   1      }
  50          
  51          void character()
  52          {
  53   1        lcd_command(64);  //Address where values of the first custom character is stored
C51 COMPILER V9.60.0.0   MAIN                                                              07/14/2021 17:24:15 PAGE 2   

  54   1        lcd_data(0);
  55   1        lcd_data(10);
  56   1        lcd_data(21);
  57   1        lcd_data(17);
  58   1        lcd_data(10);
  59   1        lcd_data(4);
  60   1        lcd_data(0);
  61   1        lcd_data(0);
  62   1        lcd_command(0xC0);  //Address of the location where the character is to be displayed
  63   1        lcd_data(0);  // Displaying the character created at address 0x64 
  64   1        delay(10);
  65   1      
  66   1        lcd_command(72);
  67   1        lcd_data(0);
  68   1        lcd_data(0);
  69   1        lcd_data(0);
  70   1        lcd_data(10);
  71   1        lcd_data(0);
  72   1        lcd_data(4);
  73   1        lcd_data(17);
  74   1        lcd_data(14);
  75   1        lcd_command(0x80);
  76   1        lcd_data(1);
  77   1        delay(10);
  78   1      
  79   1        lcd_command(80);
  80   1        lcd_data(0);
  81   1        lcd_data(0);
  82   1        lcd_data(10);
  83   1        lcd_data(0);
  84   1        lcd_data(4);
  85   1        lcd_data(0);
  86   1        lcd_data(14);
  87   1        lcd_data(17);
  88   1        lcd_command(0x82);
  89   1        lcd_data(2);
  90   1        delay(10);
  91   1        lcd_command(88);
  92   1        lcd_data(1);
  93   1        lcd_data(3);
  94   1        lcd_data(5);
  95   1        lcd_data(9);
  96   1        lcd_data(9);
  97   1        lcd_data(11);
  98   1        lcd_data(27);
  99   1        lcd_data(24);
 100   1        lcd_command(0x84);
 101   1        lcd_data(3);
 102   1        delay(10);
 103   1      
 104   1        lcd_command(96);
 105   1        lcd_data(0);
 106   1        lcd_data(10);
 107   1        lcd_data(0);
 108   1        lcd_data(31);
 109   1        lcd_data(17);
 110   1        lcd_data(14);
 111   1        lcd_data(0);
 112   1        lcd_data(0);
 113   1        lcd_command(0x86);
 114   1        lcd_data(4);
 115   1        delay(10);
C51 COMPILER V9.60.0.0   MAIN                                                              07/14/2021 17:24:15 PAGE 3   

 116   1      
 117   1        lcd_command(104);
 118   1        lcd_data(10);
 119   1        lcd_data(0);
 120   1        lcd_data(4);
 121   1        lcd_data(0);
 122   1        lcd_data(14);
 123   1        lcd_data(17);
 124   1        lcd_data(17);
 125   1        lcd_data(14);
 126   1        lcd_command(0xC2);
 127   1        lcd_data(5);
 128   1        delay(10);
 129   1      
 130   1        lcd_command(112);
 131   1        lcd_data(0);
 132   1        lcd_data(10);
 133   1        lcd_data(0);
 134   1        lcd_data(0);
 135   1        lcd_data(4);
 136   1        lcd_data(0);
 137   1        lcd_data(31);
 138   1        lcd_data(0);
 139   1        lcd_command(0xC4);
 140   1        lcd_data(6);
 141   1        delay(10);
 142   1      
 143   1        lcd_command(120);
 144   1        lcd_data(0);
 145   1        lcd_data(17);
 146   1        lcd_data(10);
 147   1        lcd_data(17);
 148   1        lcd_data(4);
 149   1        lcd_data(0);
 150   1        lcd_data(14);
 151   1        lcd_data(17);
 152   1        lcd_command(0xC6);
 153   1        lcd_data(7);
 154   1        delay(10);
 155   1      }
 156          
 157          void main()
 158          {
 159   1        lcd_ini();
 160   1        character();
 161   1      }


MODULE INFORMATION:   STATIC OVERLAYABLE
   CODE SIZE        =    482    ----
   CONSTANT SIZE    =   ----    ----
   XDATA SIZE       =   ----    ----
   PDATA SIZE       =   ----    ----
   DATA SIZE        =   ----    ----
   IDATA SIZE       =   ----    ----
   BIT SIZE         =   ----    ----
END OF MODULE INFORMATION.


C51 COMPILATION COMPLETE.  0 WARNING(S),  0 ERROR(S)
