C51 COMPILER V9.60.0.0   MAIN                                                              07/08/2021 16:34:16 PAGE 1   


C51 COMPILER V9.60.0.0, COMPILATION OF MODULE MAIN
OBJECT MODULE PLACED IN .\Objects\main.obj
COMPILER INVOKED BY: C:\Keil_v5\C51\BIN\C51.EXE main.c OPTIMIZE(8,SPEED) BROWSE DEBUG OBJECTEXTEND PRINT(.\Listings\main
                    -.lst) TABS(2) OBJECT(.\Objects\main.obj)

line level    source

   1          #include<reg51.h>
   2          #define lcd P3
   3          
   4          sbit IR=P1^0;
   5          
   6          sbit rs=P2^0; //register select
   7          sbit rw=P2^1; //RW
   8          sbit en=P2^2; //enable
   9          
  10          void lcd_init();
  11          void cmd(unsigned char);
  12          void dat(unsigned char);
  13          void delay();
  14          void lcd_string(char *s);
  15          
  16          void main()
  17          {
  18   1          lcd_init();
  19   1          lcd_string("  EmbeTronicX   ");
  20   1          while(1) {
  21   2              if(IR == 0) {
  22   3                  cmd(0xc0);
  23   3                  lcd_string("Obstacle Detected");
  24   3                  delay();
  25   3              } else {
  26   3                  cmd(0xc0);
  27   3                  lcd_string("                ");
  28   3              }
  29   2          }
  30   1      }
  31          
  32          void lcd_init()
  33          {
  34   1          cmd(0x38);
  35   1          cmd(0x0e);
  36   1          cmd(0x06);
  37   1          cmd(0x01);
  38   1          cmd(0x80);
  39   1      }
  40          
  41          void cmd(unsigned char a)
  42          {
  43   1          lcd=a;
  44   1          rs=0;
  45   1          rw=0;
  46   1          en=1;
  47   1          delay();
  48   1          en=0;
  49   1      }
  50          
  51          void dat(unsigned char b)
  52          {
  53   1          lcd=b;
  54   1          rs=1;
C51 COMPILER V9.60.0.0   MAIN                                                              07/08/2021 16:34:16 PAGE 2   

  55   1          rw=0;
  56   1          en=1;
  57   1          delay();
  58   1          en=0;
  59   1      }
  60          
  61          void lcd_string(char *s)
  62          {
  63   1          while(*s) {
  64   2             dat(*s++);
  65   2           }
  66   1      }
  67          
  68          void delay()
  69          {
  70   1          unsigned int i;
  71   1          for(i=0;i<20000;i++);
  72   1      }


MODULE INFORMATION:   STATIC OVERLAYABLE
   CODE SIZE        =    155    ----
   CONSTANT SIZE    =     52    ----
   XDATA SIZE       =   ----    ----
   PDATA SIZE       =   ----    ----
   DATA SIZE        =   ----       3
   IDATA SIZE       =   ----    ----
   BIT SIZE         =   ----    ----
END OF MODULE INFORMATION.


C51 COMPILATION COMPLETE.  0 WARNING(S),  0 ERROR(S)
