C51 COMPILER V9.60.0.0   MAIN                                                              07/09/2021 15:51:35 PAGE 1   


C51 COMPILER V9.60.0.0, COMPILATION OF MODULE MAIN
OBJECT MODULE PLACED IN .\Objects\main.obj
COMPILER INVOKED BY: C:\Keil_v5\C51\BIN\C51.EXE main.c OPTIMIZE(8,SPEED) BROWSE DEBUG OBJECTEXTEND PRINT(.\Listings\main
                    -.lst) TABS(2) OBJECT(.\Objects\main.obj)

line level    source

   1          #include<reg51.h>
   2          sbit a=P3^0;
   3          sbit b=P3^1;
   4          sbit c=P3^2;
   5          sbit d=P3^3;
   6          
   7          void delay();
   8          
   9          void main()
  10          {
  11   1        while(1)
  12   1        {
  13   2      
  14   2          a=0;
  15   2          b=1;
  16   2          c=1;
  17   2          d=1;
  18   2          delay();
  19   2          a=1;
  20   2          b=0;
  21   2          c=1;
  22   2          d=1;
  23   2          delay();
  24   2          a=1;
  25   2          b=1;
  26   2          c=0;
  27   2          d=1;
  28   2          delay();
  29   2          a=1;
  30   2          b=1;
  31   2          c=1;
  32   2          d=0;
  33   2      
  34   2        }
  35   1      }
  36          
  37          void delay()
  38          {
  39   1      
  40   1      unsigned char i,j,k;
  41   1      for(i=0;i<6;i++)
  42   1      for(j=0;j<255;j++)
  43   1      for(k=0;k<255;k++);
  44   1      
  45   1      }


MODULE INFORMATION:   STATIC OVERLAYABLE
   CODE SIZE        =     89    ----
   CONSTANT SIZE    =   ----    ----
   XDATA SIZE       =   ----    ----
   PDATA SIZE       =   ----    ----
   DATA SIZE        =   ----    ----
   IDATA SIZE       =   ----    ----
C51 COMPILER V9.60.0.0   MAIN                                                              07/09/2021 15:51:35 PAGE 2   

   BIT SIZE         =   ----    ----
END OF MODULE INFORMATION.


C51 COMPILATION COMPLETE.  0 WARNING(S),  0 ERROR(S)
