C51 COMPILER V9.60.0.0   MAIN                                                              07/14/2021 21:11:33 PAGE 1   


C51 COMPILER V9.60.0.0, COMPILATION OF MODULE MAIN
OBJECT MODULE PLACED IN .\Objects\main.obj
COMPILER INVOKED BY: C:\Keil_v5\C51\BIN\C51.EXE main.c OPTIMIZE(8,SPEED) BROWSE DEBUG OBJECTEXTEND PRINT(.\Listings\main
                    -.lst) TABS(2) OBJECT(.\Objects\main.obj)

line level    source

   1          //
   2          // *  Name     : main.c
   3          // *  Purpose  : Program to Flame Sensor interfacing With 8051
   4          // *  Author   : Sunil Pawar
   5          // *  Date     : 14-07-2021
   6          // */
   7          #include<reg51.h>
   8          sbit sensor = P1^0;
   9          sbit buzzer = P1^1;
  10          sbit rs=P3^0;
  11          sbit rw=P3^1;
  12          sbit en=P3^2;
  13          
  14          void lcd_init();
  15          void lcdcmd(unsigned char);
  16          void lcddat(unsigned char);
  17          void lcddisplay(unsigned char *);
  18          void delay();
  19          void main()
  20          {
  21   1        buzzer =0;
  22   1        sensor =0;
  23   1        back:lcd_init();
  24   1        lcddisplay(" FIRE ALERT ");
  25   1        lcdcmd(0xc4);
  26   1        lcddisplay("SYSTEM");
  27   1        delay();
  28   1        while(1)
  29   1        {
  30   2          if(sensor == 1)
  31   2          {
  32   3            lcdcmd(0x01);
  33   3            lcddisplay("FIRE OCCURED");
  34   3            buzzer = 1;
  35   3            //delay();
  36   3            //buzzer =0;
  37   3          }
  38   2          goto back;
  39   2        }
  40   1      }
  41          void lcd_init()
  42          {
  43   1        lcdcmd(0x38);
  44   1        lcdcmd(0x01);
  45   1        lcdcmd(0x10);
  46   1        lcdcmd(0x0c);
  47   1        lcdcmd(0x80);
  48   1      }
  49          void lcdcmd(unsigned char val)
  50          {
  51   1        P2=val;
  52   1        rs=0;
  53   1        rw=0;
  54   1        en=1;
C51 COMPILER V9.60.0.0   MAIN                                                              07/14/2021 21:11:33 PAGE 2   

  55   1        delay();
  56   1        en=0;
  57   1      }
  58          void lcddat(unsigned char dat)
  59          {
  60   1        P2=dat;
  61   1        rs=1;
  62   1        rw=0;
  63   1        en=1;
  64   1        delay();
  65   1        en=0;
  66   1      }
  67          void lcddisplay(unsigned char *s)
  68          {
  69   1        unsigned char i;
  70   1        for(i=0;s[i]!='\0';i++)
  71   1        {
  72   2          lcddat(s[i]);
  73   2        }
  74   1      }
  75          void delay()
  76          {
  77   1        int i;
  78   1        for(i=0;i<10000;i++);
  79   1      }


MODULE INFORMATION:   STATIC OVERLAYABLE
   CODE SIZE        =    157    ----
   CONSTANT SIZE    =     33    ----
   XDATA SIZE       =   ----    ----
   PDATA SIZE       =   ----    ----
   DATA SIZE        =   ----       4
   IDATA SIZE       =   ----    ----
   BIT SIZE         =   ----    ----
END OF MODULE INFORMATION.


C51 COMPILATION COMPLETE.  0 WARNING(S),  0 ERROR(S)
