C51 COMPILER V9.60.0.0   MAIN                                                              07/10/2021 08:50:10 PAGE 1   


C51 COMPILER V9.60.0.0, COMPILATION OF MODULE MAIN
OBJECT MODULE PLACED IN .\Objects\main.obj
COMPILER INVOKED BY: C:\Keil_v5\C51\BIN\C51.EXE main.c OPTIMIZE(8,SPEED) BROWSE DEBUG OBJECTEXTEND PRINT(.\Listings\main
                    -.lst) TABS(2) OBJECT(.\Objects\main.obj)

line level    source

   1          
   2          /*-----------8051 C Sample Program to Control Relay ON/OFF through a Switch-----*/
   3          
   4          
   5          #include<reg51.h>   // Header Declaration
   6          void delay_ms(unsigned int ms);   // Delay Declaration
   7          sbit SWT2 = P2^0;  //Switch Input
   8          sbit RELAY = P3^4;  //RELAY Output
   9          
  10          void main(void)
  11          {
  12   1        while(1)
  13   1        {
  14   2          if(SWT2 == 0)
  15   2          {
  16   3            RELAY = 1;
  17   3          }
  18   2          else
  19   2          {
  20   3            RELAY = 0;
  21   3          }
  22   2        }
  23   1      }
  24           


MODULE INFORMATION:   STATIC OVERLAYABLE
   CODE SIZE        =     11    ----
   CONSTANT SIZE    =   ----    ----
   XDATA SIZE       =   ----    ----
   PDATA SIZE       =   ----    ----
   DATA SIZE        =   ----    ----
   IDATA SIZE       =   ----    ----
   BIT SIZE         =   ----    ----
END OF MODULE INFORMATION.


C51 COMPILATION COMPLETE.  0 WARNING(S),  0 ERROR(S)
