C51 COMPILER V9.60.0.0   LCD                                                               07/09/2021 14:17:43 PAGE 1   


C51 COMPILER V9.60.0.0, COMPILATION OF MODULE LCD
OBJECT MODULE PLACED IN .\Objects\lcd.obj
COMPILER INVOKED BY: C:\Keil_v5\C51\BIN\C51.EXE lcd.c OPTIMIZE(8,SPEED) BROWSE DEBUG OBJECTEXTEND PRINT(.\Listings\lcd.l
                    -st) TABS(2) OBJECT(.\Objects\lcd.obj)

line level    source

   1          #include<reg51.h>
   2          sbit rs=P3^0;
   3          sbit rw=P3^1;
   4          sbit e=P3^2;
   5          sfr lcd=0xA0; //port 2
   6          
   7          void lcd_cmd(unsigned char value);
   8          void lcd_data(unsigned char dat);
   9          void delay(unsigned int time);
  10          
  11          
  12          void main()
  13          {
  14   1        unsigned int i=0,j=0,k;
  15   1        unsigned char str[]={"Wel_Come To"};
  16   1        unsigned char arr[]={"FERNHILL TECH"};
  17   1      
  18   1        lcd_cmd(0x38);
  19   1        delay(6);
  20   1        lcd_cmd(0x0E);
  21   1        delay(6);
  22   1        lcd_cmd(0x01);
  23   1        delay(6);
  24   1        lcd_cmd(0x06);
  25   1        delay(6);
  26   1        lcd_cmd(0x80);      // Force cursor to beginning of 1st line
  27   1        delay(6);
  28   1      
  29   1        lcd_cmd(0x0C);
  30   1      
  31   1        for(k=0;k<1000;k++)
  32   1        {
  33   2           while(str[i]!='\0')
  34   2           {
  35   3             lcd_data(str[i]);
  36   3             delay(6);
  37   3             i++; 
  38   3           }
  39   2           //lcd_cmd(0x1E); // Shift display to right 
  40   2           
  41   2           delay(10);      
  42   2           lcd_cmd(0xC0);    // Force cursor to beginning of 2nd line
  43   2           
  44   2           for(j=0;arr[j]!='\0';j++)
  45   2           {
  46   3            lcd_data(arr[j]);
  47   3           }
  48   2           delay(6);
  49   2           //lcd_cmd(0x18); // Shift display to left 
  50   2        }
  51   1      }
  52          
  53          void delay(unsigned int time)
  54          {
C51 COMPILER V9.60.0.0   LCD                                                               07/09/2021 14:17:43 PAGE 2   

  55   1        unsigned int i,j;
  56   1        for(i=0;i<=time;i++)
  57   1        for(j=0;j<1200;j++);
  58   1      }
  59          
  60          void lcd_cmd(unsigned char value)
  61          {
  62   1        lcd=value;
  63   1        rs=0;
  64   1        rw=0;
  65   1        e=1;
  66   1        delay(6);
  67   1        e=0;
  68   1        delay(6);
  69   1      }
  70          void lcd_data(unsigned char dat)
  71          {
  72   1        lcd=dat;
  73   1        rs=1;
  74   1        rw=0;
  75   1        e=1;
  76   1        delay(6);
  77   1        e=0;
  78   1        delay(6);
  79   1      }


MODULE INFORMATION:   STATIC OVERLAYABLE
   CODE SIZE        =    244    ----
   CONSTANT SIZE    =     26    ----
   XDATA SIZE       =   ----    ----
   PDATA SIZE       =   ----    ----
   DATA SIZE        =   ----      32
   IDATA SIZE       =   ----    ----
   BIT SIZE         =   ----    ----
END OF MODULE INFORMATION.


C51 COMPILATION COMPLETE.  0 WARNING(S),  0 ERROR(S)
