C51 COMPILER V9.60.0.0   KEYPAD                                                            07/08/2021 20:05:15 PAGE 1   


C51 COMPILER V9.60.0.0, COMPILATION OF MODULE KEYPAD
OBJECT MODULE PLACED IN .\Objects\keypad.obj
COMPILER INVOKED BY: C:\Keil_v5\C51\BIN\C51.EXE keypad.c OPTIMIZE(8,SPEED) BROWSE DEBUG OBJECTEXTEND PRINT(.\Listings\ke
                    -ypad.lst) TABS(2) OBJECT(.\Objects\keypad.obj)

line level    source

   1          #include<reg51.h>
   2          
   3          sbit r1=P1^0;
   4          sbit r2=P1^1;
   5          sbit r3=P1^2;
   6          sbit r4=P1^3;
   7          sbit c1=P1^4;
   8          sbit c2=P1^5;
   9          sbit c3=P1^6;
  10          sbit c4=P1^7;
  11          //sfr lcd=0xA0;
  12          sbit rs=P3^0;
  13          sbit rw=P3^1;
  14          sbit en=P3^2;
  15          void delay();
  16          
  17                  void lcd_cmd(unsigned char value);
  18                  void lcd_data(unsigned char value);
  19                  void lcd_init();
  20                  
  21          void main()
  22          { 
  23   1        char dat;
  24   1        lcd_init();
  25   1      //  lcd_data('4');
  26   1        delay();
  27   1      
  28   1      
  29   1      /*  r1=0; r2=r3=r4=1;
  30   1        if(c1==0)
  31   1        {
  32   1          delay();
  33   1          while(c1==0)
  34   1          {
  35   1            lcd_data='0';
  36   1          }
  37   1        }
  38   1      */
  39   1      r1=0; r2=r3=r4=1;
  40   1      
  41   1      if(c1==0){delay(); while(c1==0) {dat =0 ;lcd_data(dat+48);} }
  42   1      if(c2==0){delay(); while(c2==0) {dat =1 ;lcd_data(dat+48);} }
  43   1      if(c3==0){delay(); while(c3==0) {dat =2 ;lcd_data(dat+48);} }
  44   1      if(c4==0){delay(); while(c4==0) {dat =3 ;lcd_data(dat+48);} }
  45   1      
  46   1      r2=0; r1=r3=r4=1;
  47   1      
  48   1      if(c1==0){delay(); while(c1==0) {dat =4 ;lcd_data(dat+48);} }
  49   1      if(c2==0){delay(); while(c2==0) {dat =5 ;lcd_data(dat+48);} }
  50   1      if(c3==0){delay(); while(c3==0) {dat =6 ;lcd_data(dat+48);} }
  51   1      if(c4==0){delay(); while(c4==0) {dat =7 ;lcd_data(dat+48);} }
  52   1      
  53   1      r3=0; r1=r2=r4=1;
  54   1      
C51 COMPILER V9.60.0.0   KEYPAD                                                            07/08/2021 20:05:15 PAGE 2   

  55   1      if(c1==0){delay(); while(c1==0) {dat =8 ;lcd_data(dat+48);} }
  56   1      if(c2==0){delay(); while(c2==0) {dat =9 ;lcd_data(dat+48);} }
  57   1      if(c3==0){delay(); while(c3==0) {dat ='A' ;lcd_data(dat+48);} }
  58   1      if(c4==0){delay(); while(c4==0) {dat ='B' ;lcd_data(dat+48);} }
  59   1      
  60   1      r4=0; r1=r2=r3=1;
  61   1      
  62   1      if(c1==0){delay(); while(c1==0) {dat ='C' ;lcd_data(dat+48);} }
  63   1      if(c2==0){delay(); while(c2==0) {dat ='D' ;lcd_data(dat+48);} }
  64   1      if(c3==0){delay(); while(c3==0) {dat ='E' ;lcd_data(dat+48);} }
  65   1      if(c4==0){delay(); while(c4==0) {dat ='F' ;lcd_data(dat+48);} }
  66   1      }
  67          
  68          void delay(unsigned int time)
  69          {
  70   1        unsigned int i,j;
  71   1        for(i=0;i<time;i++)
  72   1        for(j=0;j<1200;j++);
  73   1      }
  74          
  75          void lcd_cmd(unsigned char value)
  76          {
  77   1        P2=value;
  78   1        rs=0;
  79   1        rw=0;
  80   1        en=1;
  81   1        delay(2);
  82   1        en=0;
  83   1        delay(2);
  84   1      }
  85          void lcd_data(unsigned char value)
  86          {
  87   1        P2=value;
  88   1        rs=1;
  89   1        rw=0;
  90   1        en=1;
  91   1        delay(2);
  92   1        en=0;
  93   1        delay(2);
  94   1      }


MODULE INFORMATION:   STATIC OVERLAYABLE
   CODE SIZE        =    380    ----
   CONSTANT SIZE    =   ----    ----
   XDATA SIZE       =   ----    ----
   PDATA SIZE       =   ----    ----
   DATA SIZE        =   ----       1
   IDATA SIZE       =   ----    ----
   BIT SIZE         =   ----    ----
END OF MODULE INFORMATION.


C51 COMPILATION COMPLETE.  0 WARNING(S),  0 ERROR(S)
