C51 COMPILER V9.60.0.0   MAIN1                                                             07/08/2021 21:59:43 PAGE 1   


C51 COMPILER V9.60.0.0, COMPILATION OF MODULE MAIN1
OBJECT MODULE PLACED IN .\Objects\main1.obj
COMPILER INVOKED BY: C:\Keil_v5\C51\BIN\C51.EXE main1.c OPTIMIZE(8,SPEED) BROWSE DEBUG OBJECTEXTEND PRINT(.\Listings\mai
                    -n1.lst) TABS(2) OBJECT(.\Objects\main1.obj)

line level    source

   1          #include<reg52.h>
   2          
   3          //sbit r0=P2^0;   //Rows Declared
   4          //sbit r1=P2^1;
   5          //sbit r2=P2^2;
   6          //sbit r3=P2^3;
   7          //sbit c0=P2^5;   //Coulombs declared
   8          //sbit c1=P2^6;
   9          //sbit c2=P2^7;
  10          
  11          sbit r0=P1^0;
  12          sbit r1=P1^1;
  13          sbit r2=P1^2;
  14          sbit r3=P1^3;
  15          sbit c0=P1^4;
  16          sbit c1=P1^5;
  17          sbit c2=P1^6;
  18          
  19          sbit rs=P3^0;
  20          sbit rw=P3^1;
  21          sbit en=P3^2;
  22          
  23          //sbit en=P3^6;   //Lcd control pins declared
  24          //sbit rs=P3^5;
  25          //sbit rw=P3^7;
  26          
  27          char t1[]="KEYPAD WITH LCD";  //String displayed on 16x2 lcd screen
  28          
  29          void delay(unsigned int n)   //Delay function generating variable delay
  30          {
  31   1        unsigned int i,j;
  32   1        for(j=0; j<= n;j++);
  33   1        for(i=0; i<=10;i++); 
  34   1      }
  35          
  36          void lcdcmd(unsigned int  command)
  37          {  //Lcd command function
  38   1        P2=command;
  39   1        rw=0;
  40   1        rs=0;
  41   1        en=0;
  42   1        delay(3000);
  43   1        en=1;
  44   1        delay(3000);
  45   1        en=0;
  46   1      }
  47          
  48          void lcddata(char data1)     //Lcd data function
  49          {
  50   1        P2=data1;
  51   1        rw=0;
  52   1        rs=1;
  53   1        en=0;
  54   1        delay(3000);
C51 COMPILER V9.60.0.0   MAIN1                                                             07/08/2021 21:59:43 PAGE 2   

  55   1        en=1;
  56   1        delay(3000);
  57   1        en=0;
  58   1      }
  59          
  60          void lcdint()  // Lcd initializing function
  61          {
  62   1      lcdcmd(0x30); delay(3000);  lcdcmd(0x30); delay(3000);  lcdcmd(0x30); delay(3000);
  63   1      lcdcmd(0x30); delay(3000);  lcdcmd(0x30); delay(3000);  lcdcmd(0x38); delay(3000);
  64   1      lcdcmd(0x01); delay(3000);  lcdcmd(0x0F); delay(3000);  lcdcmd(0x80); delay(3000);
  65   1      }
  66          
  67          void keypad()  //Lcd keypad scanning function
  68          {
  69   1      //char c='a';
  70   1      //while(c!='s'){
  71   1      r0=0;r1=1;r2=1;r3=1;
  72   1      //if(c0==0){lcddata('1');P0=0xF0;delay(20000);c='s';}
  73   1      // if(c1==0){lcddata('2');P0=0xF0;delay(20000);c='s';}
  74   1      // if(c2==0){lcddata('3');P0=0xF0;delay(20000);c='s';}
  75   1       
  76   1       
  77   1       
  78   1       if(c0==0){lcddata('1');delay(20000);}
  79   1       if(c1==0){lcddata('2');delay(20000);}
  80   1       if(c2==0){lcddata('3');delay(20000);}
  81   1      
  82   1      r0=1;r1=0;r2=1;r3=1;
  83   1      //if(c0==0){lcddata('4');P0=0xF0;delay(20000);c='s';}
  84   1      // if(c1==0){lcddata('5');P0=0xF0;delay(20000);c='s';}
  85   1      // if(c2==0){lcddata('6');P0=0xF0;delay(20000);c='s';}
  86   1       
  87   1        if(c0==0){lcddata('4');delay(20000);}
  88   1       if(c1==0){lcddata('5');delay(20000);}
  89   1       if(c2==0){lcddata('6');delay(20000);}
  90   1      
  91   1      r0=1;r1=1;r2=0;r3=1;
  92   1      //if(c0==0){lcddata('7');P0=0xF0;delay(20000);c='s';}
  93   1      // if(c1==0){lcddata('8');P0=0xF0;delay(20000);c='s';}
  94   1      // if(c2==0){lcddata('9');P0=0xF0;delay(20000);c='s';}
  95   1       
  96   1       
  97   1        if(c0==0){lcddata('7');delay(20000);}
  98   1       if(c1==0){lcddata('8');delay(20000);}
  99   1       if(c2==0){lcddata('9');delay(20000);}
 100   1      
 101   1      r0=1;r1=1;r2=1;r3=0;
 102   1      //if(c0==0){lcddata('*');P0=0xF0;delay(20000);c='s';}
 103   1      // if(c1==0){lcddata('0');P0=0xF0;delay(20000);c='s';}
 104   1      // if(c2==0){lcddata('#');P0=0xF0;delay(20000);c='s';}
 105   1       
 106   1        if(c0==0){lcddata('*');delay(20000);}
 107   1       if(c1==0){lcddata('0');delay(20000);}
 108   1       if(c2==0){lcddata('#');delay(20000);}
 109   1      
 110   1      }
 111          //}
 112          
 113          void main() //Projecct main function
 114          {
 115   1        unsigned int i=0;
 116   1        P1=0x00;
C51 COMPILER V9.60.0.0   MAIN1                                                             07/08/2021 21:59:43 PAGE 3   

 117   1        P2=0xF0;
 118   1        P3=0x00;
 119   1      
 120   1        lcdint();   //Initialize 16x2 Lcd
 121   1      
 122   1        while(t1[i]!='\0')  //Display well come message on 16x2 lcd sccreen
 123   1        {
 124   2          lcddata(t1[i]);
 125   2          i++;
 126   2        }
 127   1        i=0;
 128   1      
 129   1        lcdcmd(0xC0);       //Control transfer to second row of lcd
 130   1      
 131   1      //  for(i=0;i<=15;i++)
 132   1        keypad();
 133   1      }


MODULE INFORMATION:   STATIC OVERLAYABLE
   CODE SIZE        =    389    ----
   CONSTANT SIZE    =   ----    ----
   XDATA SIZE       =   ----    ----
   PDATA SIZE       =   ----    ----
   DATA SIZE        =     16    ----
   IDATA SIZE       =   ----    ----
   BIT SIZE         =   ----    ----
END OF MODULE INFORMATION.


C51 COMPILATION COMPLETE.  0 WARNING(S),  0 ERROR(S)
