C51 COMPILER V9.60.0.0   MAIN                                                              07/14/2021 20:11:23 PAGE 1   


C51 COMPILER V9.60.0.0, COMPILATION OF MODULE MAIN
OBJECT MODULE PLACED IN .\Objects\main.obj
COMPILER INVOKED BY: C:\Keil_v5\C51\BIN\C51.EXE main.c OPTIMIZE(8,SPEED) BROWSE DEBUG OBJECTEXTEND PRINT(.\Listings\main
                    -.lst) TABS(2) OBJECT(.\Objects\main.obj)

line level    source

   1          //
   2          // *  Name     : main.c
   3          // *  Purpose  : Program to Vibration Sensor interfacing With 8051
   4          // *  Author   : Sunil Pawar
   5          // *  Date     : 14-07-2021
   6          // */
   7          #include<reg51.h>
   8          sbit LED_pin = P2^0;
   9          sbit switch_pin = P2^1;
  10          void delay(int);
  11          void main()
  12          {
  13   1        switch_pin =1;
  14   1        LED_pin = 1;
  15   1        while(1)
  16   1        {
  17   2          if(switch_pin ==0)
  18   2          {
  19   3            LED_pin = 0;
  20   3            delay(2000);
  21   3            LED_pin = 1;
  22   3          }
  23   2        }
  24   1      }
  25          void delay(int time)
  26          {
  27   1        int i,j;
  28   1        for(i=0;i<time;i++);
  29   1        for(j=0;j<100;j++);
  30   1      }


MODULE INFORMATION:   STATIC OVERLAYABLE
   CODE SIZE        =     58    ----
   CONSTANT SIZE    =   ----    ----
   XDATA SIZE       =   ----    ----
   PDATA SIZE       =   ----    ----
   DATA SIZE        =   ----    ----
   IDATA SIZE       =   ----    ----
   BIT SIZE         =   ----    ----
END OF MODULE INFORMATION.


C51 COMPILATION COMPLETE.  0 WARNING(S),  0 ERROR(S)
