C51 COMPILER V9.60.0.0   MAIN                                                              07/09/2021 16:50:49 PAGE 1   


C51 COMPILER V9.60.0.0, COMPILATION OF MODULE MAIN
OBJECT MODULE PLACED IN .\Objects\main.obj
COMPILER INVOKED BY: C:\Keil_v5\C51\BIN\C51.EXE main.c OPTIMIZE(8,SPEED) BROWSE DEBUG OBJECTEXTEND PRINT(.\Listings\main
                    -.lst) TABS(2) OBJECT(.\Objects\main.obj)

line level    source

   1          #include<reg51.h>
   2          sbit CLK = P3^0;
   3          sbit ACLK = P3^1;
   4          void delay(int n);
   5          
   6          void main()
   7          {
   8   1        while(1)
   9   1        {
  10   2          if(CLK == 0)  
  11   2          {
  12   3            P2 = 0x66;
  13   3            delay(50);
  14   3            P2 = 0xCC;
  15   3            delay(50);
  16   3            P2 = 0x99;
  17   3            delay(50);
  18   3            P2 = 0x33;
  19   3            delay(50);
  20   3          }
  21   2          
  22   2          if(ACLK == 0) 
  23   2          {
  24   3            P2 = 0x66;
  25   3            delay(50);
  26   3            P2 = 0x33;
  27   3            delay(50);
  28   3            P2 = 0x99;
  29   3            delay(50);
  30   3            P2 = 0xCC;
  31   3            delay(100);
  32   3          }
  33   2        }
  34   1      }
  35          void delay(int n)
  36          {
  37   1        unsigned int i,j;
  38   1        for(i=0;i<1275;i++)
  39   1        for(j=0;j<n;j++);
  40   1      }


MODULE INFORMATION:   STATIC OVERLAYABLE
   CODE SIZE        =     93    ----
   CONSTANT SIZE    =   ----    ----
   XDATA SIZE       =   ----    ----
   PDATA SIZE       =   ----    ----
   DATA SIZE        =   ----    ----
   IDATA SIZE       =   ----    ----
   BIT SIZE         =   ----    ----
END OF MODULE INFORMATION.


C51 COMPILATION COMPLETE.  0 WARNING(S),  0 ERROR(S)
