C51 COMPILER V9.60.0.0   MAIN                                                              07/09/2021 15:29:57 PAGE 1   


C51 COMPILER V9.60.0.0, COMPILATION OF MODULE MAIN
OBJECT MODULE PLACED IN .\Objects\main.obj
COMPILER INVOKED BY: C:\Keil_v5\C51\BIN\C51.EXE main.c OPTIMIZE(8,SPEED) BROWSE DEBUG OBJECTEXTEND PRINT(.\Listings\main
                    -.lst) TABS(2) OBJECT(.\Objects\main.obj)

line level    source

   1          #include<reg51.h>
   2          sfr segment=0xA0;//port 2
   3          void delay();
   4          void main()
   5          {
   6   1         unsigned seven_seg[]={0x3F,0x06,0x5B,0x4F,0x66,0x6D,0x7D,0x07,0x7F,0x67};  // common cathode(Keep always
             - ON)
   7   1         //unsigned seven_seg[]={0xC0,0xF9,0xA4,0xB0,0x99,0x92,0x82,0xF8,0x80,0x90};  // common Anode(Keep always
             - OFF)
   8   1         int i;                                            
   9   1         while(1)
  10   1         {
  11   2          for(i=0;i<10;i++)
  12   2          {
  13   3            segment=seven_seg[i];
  14   3            delay();
  15   3          } 
  16   2         }   
  17   1      }
  18          void delay()
  19          {
  20   1        unsigned j,k;
  21   1        for(j=0;j<100;j++)  
  22   1        for(k=0;k<1500;k++);
  23   1      } 


MODULE INFORMATION:   STATIC OVERLAYABLE
   CODE SIZE        =     88    ----
   CONSTANT SIZE    =     20    ----
   XDATA SIZE       =   ----    ----
   PDATA SIZE       =   ----    ----
   DATA SIZE        =   ----      22
   IDATA SIZE       =   ----    ----
   BIT SIZE         =   ----    ----
END OF MODULE INFORMATION.


C51 COMPILATION COMPLETE.  0 WARNING(S),  0 ERROR(S)
