C51 COMPILER V9.60.0.0   MAIN                                                              07/09/2021 16:15:30 PAGE 1   


C51 COMPILER V9.60.0.0, COMPILATION OF MODULE MAIN
OBJECT MODULE PLACED IN .\Objects\main.obj
COMPILER INVOKED BY: C:\Keil_v5\C51\BIN\C51.EXE main.c OPTIMIZE(8,SPEED) BROWSE DEBUG OBJECTEXTEND PRINT(.\Listings\main
                    -.lst) TABS(2) OBJECT(.\Objects\main.obj)

line level    source

   1          #include<reg51.h>
   2          sbit switch_pin=P1^3;
   3          sbit LED = P2^0;
   4          //sfr LED=0xB0;
   5          #define ON 1;
   6          #define OFF 0;
   7          void delay();
   8          void main()
   9          {
  10   1            P1=0x00;
  11   1          P2=0x00;
  12   1        while(1)
  13   1        {
  14   2      /*    switch_pin=OFF;
  15   2          LED=0x00;
  16   2          delay();
  17   2          switch_pin=ON;
  18   2          LED=0xFF;
  19   2          delay();*/
  20   2        if(switch_pin==1)
  21   2        {
  22   3        LED=1;
  23   3        }
  24   2        else
  25   2          LED=0;
  26   2          
  27   2          
  28   2        }
  29   1      }   
  30          void delay()
  31          {
  32   1      unsigned int i;
  33   1      for(i=0;i<1500;i++);
  34   1      }


MODULE INFORMATION:   STATIC OVERLAYABLE
   CODE SIZE        =     31    ----
   CONSTANT SIZE    =   ----    ----
   XDATA SIZE       =   ----    ----
   PDATA SIZE       =   ----    ----
   DATA SIZE        =   ----    ----
   IDATA SIZE       =   ----    ----
   BIT SIZE         =   ----    ----
END OF MODULE INFORMATION.


C51 COMPILATION COMPLETE.  0 WARNING(S),  0 ERROR(S)
