C51 COMPILER V9.60.0.0   MAIN                                                              07/17/2021 17:09:29 PAGE 1   


C51 COMPILER V9.60.0.0, COMPILATION OF MODULE MAIN
OBJECT MODULE PLACED IN .\Objects\main.obj
COMPILER INVOKED BY: C:\Keil_v5\C51\BIN\C51.EXE main.c OPTIMIZE(8,SPEED) BROWSE DEBUG OBJECTEXTEND PRINT(.\Listings\main
                    -.lst) TABS(2) OBJECT(.\Objects\main.obj)

line level    source

   1          #include<reg51.h>
   2          sbit Pwm_Pin=P1^0;
   3          char h1=0xEB,l1=0xFF;
   4          
   5          void Pwm_High()
   6          {
   7   1        Pwm_Pin=1;    //High signal
   8   1        while(!TF0);  //Wait for T0 Interrupt Flag
   9   1        TF0=0;        //Clear Interrupt Flag
  10   1        TH0=h1;     //Load new TH0 Value
  11   1        TL0=l1;     //Load new TL0 value
  12   1      
  13   1        Pwm_Pin=0;   //Low signal 
  14   1        while(!TF0); //Wait for T0 Interrupt Flag
  15   1        TF0=0;       //Clear Interrupt Flag
  16   1      }
  17          
  18          void main()
  19          {
  20   1        char high,low;
  21   1        int i=0,j=0;
  22   1        P1=0x00;  //**** Port-1 Declared Output
  23   1        TMOD=0x01; //Timer-0, As 16-bit Timer.
  24   1        while(1)
  25   1        {
  26   2          high=0xFF;
  27   2          low=0xFF;
  28   2          h1=0xEB;
  29   2          l1=0xFF;
  30   2          i=0;
  31   2          TR0=1;       //Run Timer-0
  32   2      
  33   2          for(i=0;i<=20;i++)
  34   2          {
  35   3            for(j=0;j<=50;j++)
  36   3            {
  37   4              TH0=high;
  38   4              TL0=low;
  39   4              Pwm_High();
  40   4            }
  41   3            high--;
  42   3            h1++;
  43   3          }   
  44   2        }
  45   1      }


MODULE INFORMATION:   STATIC OVERLAYABLE
   CODE SIZE        =     79    ----
   CONSTANT SIZE    =   ----    ----
   XDATA SIZE       =   ----    ----
   PDATA SIZE       =   ----    ----
   DATA SIZE        =      2    ----
   IDATA SIZE       =   ----    ----
C51 COMPILER V9.60.0.0   MAIN                                                              07/17/2021 17:09:29 PAGE 2   

   BIT SIZE         =   ----    ----
END OF MODULE INFORMATION.


C51 COMPILATION COMPLETE.  0 WARNING(S),  0 ERROR(S)
