C51 COMPILER V9.60.0.0   MAIN                                                              07/10/2021 12:57:39 PAGE 1   


C51 COMPILER V9.60.0.0, COMPILATION OF MODULE MAIN
OBJECT MODULE PLACED IN .\Objects\main.obj
COMPILER INVOKED BY: C:\Keil_v5\C51\BIN\C51.EXE main.c OPTIMIZE(8,SPEED) BROWSE DEBUG OBJECTEXTEND PRINT(.\Listings\main
                    -.lst) TABS(2) OBJECT(.\Objects\main.obj)

line level    source

   1          #include<reg51.h>
   2          sbit pwm=P0^0;
   3          void delay();
   4          void main()
   5          {
   6   1        pwm=0;  // initialising t=0 for toggling purpose
   7   1        while(1)
   8   1        {
   9   2          pwm=~pwm;
  10   2          delay();
  11   2        }
  12   1      }
  13          
  14          void delay()
  15          {
  16   1        TMOD |= 0X01; // setting Timer0 in 16 bit mode
  17   1        TH0 = 0xFC;
  18   1        TL0 = 0x67;
  19   1        TR0 = 1;
  20   1        while(!TF0);
  21   1        TR0 = 0;
  22   1        TF0 = 0;
  23   1      
  24   1      }


MODULE INFORMATION:   STATIC OVERLAYABLE
   CODE SIZE        =     28    ----
   CONSTANT SIZE    =   ----    ----
   XDATA SIZE       =   ----    ----
   PDATA SIZE       =   ----    ----
   DATA SIZE        =   ----    ----
   IDATA SIZE       =   ----    ----
   BIT SIZE         =   ----    ----
END OF MODULE INFORMATION.


C51 COMPILATION COMPLETE.  0 WARNING(S),  0 ERROR(S)
