C51 COMPILER V9.60.0.0   MAIN                                                              07/13/2021 18:12:28 PAGE 1   


C51 COMPILER V9.60.0.0, COMPILATION OF MODULE MAIN
OBJECT MODULE PLACED IN .\Objects\main.obj
COMPILER INVOKED BY: C:\Keil_v5\C51\BIN\C51.EXE main.c OPTIMIZE(8,SPEED) BROWSE DEBUG OBJECTEXTEND PRINT(.\Listings\main
                    -.lst) TABS(2) OBJECT(.\Objects\main.obj)

line level    source

   1          #include<reg51.h>
   2          #define lcd P3
   3          #define dat P2
   4          sbit rs=P1^6;
   5          sbit e=P1^7;
   6          
   7          
   8          void delay (int);
   9          void display (unsigned char);
  10          void cmd (unsigned char);
  11          void init (void);
  12          void string (char *);
  13          void intro (void);
  14          char i=0;
  15          
  16            
  17          void delay (int d)
  18          {
  19   1        unsigned char i=0;
  20   1        for(;d>0;d--)
  21   1        {
  22   2          for(i=250;i>0;i--);
  23   2                      for(i=248;i>0;i--);
  24   2        }
  25   1      }
  26          void cmd (unsigned char c)
  27          {
  28   1        lcd=c;
  29   1        rs=0;
  30   1        e=1;
  31   1        delay(10);
  32   1        e=0;
  33   1      }
  34          void display (unsigned char c)
  35          {
  36   1        lcd=c;
  37   1        rs=1;
  38   1        e=1;
  39   1        delay(10);
  40   1        e=0;
  41   1      }
  42          void string (char *c)
  43          {
  44   1        while(*c)
  45   1        {
  46   2          display(*c++);
  47   2        }
  48   1      }
  49          void init (void)
  50          {
  51   1        cmd(0x38);
  52   1        cmd(0x01);
  53   1        cmd(0x0c);
  54   1        cmd(0x80);
C51 COMPILER V9.60.0.0   MAIN                                                              07/13/2021 18:12:28 PAGE 2   

  55   1      }
  56          void intro (void)
  57          {
  58   1        string("  Electronics  ");
  59   1        cmd(0xc0);
  60   1        string("      Hub      ");
  61   1        delay(2000);
  62   1        cmd(0x01);
  63   1        string("    Digital    ");
  64   1        cmd(0xc0);
  65   1        string("   Voltmeter   ");
  66   1        delay(2000);
  67   1        cmd(0x01);
  68   1        cmd(0x80);
  69   1      }
  70          
  71          void main()
  72          {
  73   1        unsigned int temp=0;
  74   1        unsigned int temp1=0;
  75   1        float val=0.0;
  76   1        
  77   1        init();
  78   1        intro();
  79   1        dat=0xff;
  80   1        while(1)
  81   1        {
  82   2          if(i==0)
  83   2          {
  84   3            string(" Volts - ");
  85   3            i++;
  86   3          }
  87   2          val=dat*0.02;  // 0.02 is resolution of adc
  88   2          val=val/0.2;   // 0.2 is nothing but (R2/(R1+R2)) resistor values in the voltage sensor
  89   2          cmd(0x89);
  90   2          if((val>=1.0) && (val<10.0))
  91   2          {
  92   3            display(' ');
  93   3            temp=val*1000;
  94   3            temp1=((temp/1000)+48);
  95   3            display(temp1);
  96   3            
  97   3            display('.');
  98   3          
  99   3            temp1=(((temp/100)%10)+48);
 100   3            display(temp1);
 101   3          }
 102   2          else if((val>=10.0) && (val<100.0))
 103   2          {
 104   3            temp=val*100;
 105   3            temp1=((temp/1000)+48);
 106   3            display(temp1);
 107   3          
 108   3            temp1=(((temp/100)%10)+48);
 109   3            display(temp1);
 110   3            
 111   3            display('.');
 112   3            
 113   3            temp1=(((temp/10)%10)+48);
 114   3            display(temp1);
 115   3          }
 116   2          else
C51 COMPILER V9.60.0.0   MAIN                                                              07/13/2021 18:12:28 PAGE 3   

 117   2          {
 118   3            display(' ');
 119   3            string("0.0");
 120   3          }
 121   2          delay(1000);
 122   2        }
 123   1        while(1);
 124   1      }


MODULE INFORMATION:   STATIC OVERLAYABLE
   CODE SIZE        =    534    ----
   CONSTANT SIZE    =     78    ----
   XDATA SIZE       =   ----    ----
   PDATA SIZE       =   ----    ----
   DATA SIZE        =      1      11
   IDATA SIZE       =   ----    ----
   BIT SIZE         =   ----    ----
END OF MODULE INFORMATION.


C51 COMPILATION COMPLETE.  0 WARNING(S),  0 ERROR(S)
