C51 COMPILER V9.60.0.0   LCD                                                               07/09/2021 23:48:08 PAGE 1   


C51 COMPILER V9.60.0.0, COMPILATION OF MODULE LCD
OBJECT MODULE PLACED IN .\Objects\lcd.obj
COMPILER INVOKED BY: C:\Keil_v5\C51\BIN\C51.EXE lcd.c OPTIMIZE(8,SPEED) BROWSE INCDIR(..\source) DEBUG OBJECTEXTEND PRIN
                    -T(.\Listings\lcd.lst) TABS(2) OBJECT(.\Objects\lcd.obj)

line level    source

   1          #include <reg51.h>
   2          #include "lcd.h"
   3          
   4          sfr lcd_data_pin=0xA0;
   5          sbit rs=P3^2;
   6          sbit rw=P3^3;
   7          sbit en=P3^4;
   8          
   9          void lcd_ini()
  10          {
  11   1        lcd_command(0x38);                            // for using 8-bit 2 row LCD
  12   1        delay(5);
  13   1        lcd_command(0x0F);                            // for display on, cursor blinking
  14   1        delay(5);
  15   1        lcd_command(0x80);
  16   1        delay(5);
  17   1      }
  18          void lcd_command(unsigned char comm)
  19          {
  20   1        lcd_data_pin=comm;
  21   1        en=1;
  22   1        rs=0;
  23   1        rw=0;
  24   1        delay(1);
  25   1        en=0;
  26   1      }
  27          void lcd_data(unsigned char disp)
  28          {
  29   1        lcd_data_pin=disp;
  30   1        en=1;
  31   1        rs=1;
  32   1        rw=0;
  33   1        delay(1);
  34   1        en=0;
  35   1      }
  36          void lcd_dataa(unsigned char *disp)
  37          {
  38   1        int x;
  39   1        for(x=0;disp[x]!=0;x++)
  40   1        {
  41   2          lcd_data(disp[x]);
  42   2        }
  43   1      }
  44          void delay(unsigned int count)
  45          {
  46   1        int i,j;
  47   1        for(i=0;i<count;i++)
  48   1        for(j=0;j<1275;j++);
  49   1      }


MODULE INFORMATION:   STATIC OVERLAYABLE
   CODE SIZE        =    141    ----
   CONSTANT SIZE    =   ----    ----
C51 COMPILER V9.60.0.0   LCD                                                               07/09/2021 23:48:08 PAGE 2   

   XDATA SIZE       =   ----    ----
   PDATA SIZE       =   ----    ----
   DATA SIZE        =   ----       5
   IDATA SIZE       =   ----    ----
   BIT SIZE         =   ----    ----
END OF MODULE INFORMATION.


C51 COMPILATION COMPLETE.  0 WARNING(S),  0 ERROR(S)
