C51 COMPILER V9.60.0.0   MAIN                                                              07/10/2021 00:13:05 PAGE 1   


C51 COMPILER V9.60.0.0, COMPILATION OF MODULE MAIN
OBJECT MODULE PLACED IN .\Objects\main.obj
COMPILER INVOKED BY: C:\Keil_v5\C51\BIN\C51.EXE main.c OPTIMIZE(8,SPEED) BROWSE INCDIR(..\source) DEBUG OBJECTEXTEND PRI
                    -NT(.\Listings\main.lst) TABS(2) OBJECT(.\Objects\main.obj)

line level    source

   1          // *  Name     : main.c
   2          // *  Purpose  : Source code for Serial EEPROM AT24C02 with AT89C51.
   3          // *  Author   : Sunil Pawar
   4          // *  Date     : 09-07-2021
   5          // */
   6           
   7          #include <reg51.h>
   8          #include "lcd.h"                    
   9          #include "i2c.h"
  10          
  11          sbit led=P3^5;
  12          sbit led1=P3^6;
  13          sbit SW1=P3^7;
  14          sbit SW2=P1^2;
  15          sbit SW3=P1^3;
  16          sbit SW4=P1^4;
  17          
  18          int main()
  19          {   
  20   1        lcd_ini();
  21   1        lcd_dataa("Sent :");
  22   1        lcd_command(0xC0);
  23   1        lcd_dataa("Read :");
  24   1        while(1)
  25   1        {
  26   2          if(SW1==0)
  27   2          {
  28   3            save();
  29   3          }
  30   2          if(SW2==0)
  31   2          {
  32   3            led1=0;
  33   3            Read();
  34   3            led1=1;
  35   3          }
  36   2          if(SW3==0)
  37   2          {
  38   3            led1=0;
  39   3            Read_dep();
  40   3            led1=1;
  41   3          }
  42   2          if(SW4==0)
  43   2          {
  44   3            led1=0;
  45   3            Read_session();
  46   3            led1=1;
  47   3          }
  48   2        }                     
  49   1      }


MODULE INFORMATION:   STATIC OVERLAYABLE
   CODE SIZE        =     64    ----
   CONSTANT SIZE    =     14    ----
C51 COMPILER V9.60.0.0   MAIN                                                              07/10/2021 00:13:05 PAGE 2   

   XDATA SIZE       =   ----    ----
   PDATA SIZE       =   ----    ----
   DATA SIZE        =   ----    ----
   IDATA SIZE       =   ----    ----
   BIT SIZE         =   ----    ----
END OF MODULE INFORMATION.


C51 COMPILATION COMPLETE.  0 WARNING(S),  0 ERROR(S)
